<?xml version="1.0" encoding="UTF-8"?>
<!-- Generated by org.testng.reporters.JUnitXMLReporter -->
<testsuite ignored="0" hostname="DESKTOP-A48AID3" failures="1" tests="3" name="Test" time="108.574" errors="0" timestamp="2024-07-25T23:04:13 IST">
  <testcase classname="TestCases.TC_01_LoginTest" name="TC_01_Login" time="8.941">
    <failure type="java.lang.AssertionError" message="expected [true] but found [false]">
      <![CDATA[java.lang.AssertionError: expected [true] but found [false]
at TestCases.TC_01_LoginTest.TC_01_Login(TC_01_LoginTest.java:16)
at java.base/java.util.ArrayList.forEach(ArrayList.java:1596)
... Removed 29 stack frames]]>
    </failure>
  </testcase> <!-- TC_01_Login -->
  <testcase classname="TestCases.TC_01_LoginTest" name="TC_01_Login" time="11.413"/>
  <testcase classname="TestCases.TC_02_AppBookTest" name="TC_02_AppBook" time="29.461"/>
</testsuite> <!-- Test -->
